<?xml version="1.0" encoding="UTF-8"?>
<!-- Generated by org.testng.reporters.JUnitReportReporter -->
<testsuite hostname="WKWIN5950833" failures="0" tests="1" name="runner.TestNgRunner" time="0.074" errors="0" timestamp="27 May 2020 08:09:36 GMT" skipped="0">
  <testcase classname="runner.TestNgRunner" name="feature" time="0.074"/>
</testsuite> <!-- runner.TestNgRunner -->
