<?xml version="1.0" encoding="UTF-8"?>
<!-- Generated by org.testng.reporters.JUnitReportReporter -->
<testsuite skipped="0" hostname="WKWIN5950833" name="com.selenium.HelloWorld" tests="1" failures="0" timestamp="13 Jul 2018 04:56:58 GMT" time="0.020" errors="0">
  <testcase name="printHello" time="0.020" classname="com.selenium.HelloWorld"/>
</testsuite> <!-- com.selenium.HelloWorld -->
