<?xml version="1.0" encoding="UTF-8"?>
<!-- Generated by org.testng.reporters.JUnitReportReporter -->
<testsuite hostname="WKWIN5950833" failures="0" tests="1" name="com.qa.testngOne.LoginTest" time="0.020" errors="0" timestamp="2020-04-15T14:36:23 IST" skipped="0">
  <testcase classname="com.qa.testngOne.LoginTest" name="getTitle" time="0.020"/>
</testsuite> <!-- com.qa.testngOne.LoginTest -->
