<?xml version="1.0" encoding="UTF-8"?>
<!-- Generated by org.testng.reporters.JUnitReportReporter -->
<testsuite hostname="WKWIN5950833" failures="0" tests="1" name="runner.TestNgRunner" time="111.078" errors="0" timestamp="16 May 2020 14:00:15 GMT" skipped="0">
  <testcase classname="runner.TestNgRunner" name="feature" time="111.078"/>
</testsuite> <!-- runner.TestNgRunner -->
