<?xml version="1.0" encoding="UTF-8"?>
<!-- Generated by org.testng.reporters.JUnitReportReporter -->
<testsuite hostname="WKWIN5950833" failures="0" tests="2" name="com.w2a.testCases.AddCustomerTest" time="7.378" errors="0" timestamp="25 Apr 2020 11:43:51 GMT" skipped="0">
  <testcase classname="com.w2a.testCases.AddCustomerTest" name="addCustomer" time="3.518"/>
  <testcase classname="com.w2a.testCases.AddCustomerTest" name="addCustomer" time="3.860"/>
</testsuite> <!-- com.w2a.testCases.AddCustomerTest -->
