<?xml version="1.0" encoding="UTF-8"?>
<!-- Generated by org.testng.reporters.JUnitReportReporter -->
<testsuite hostname="WKWIN5950833" failures="0" tests="1" name="com.w2a.testCases.LoginTest" time="0.203" errors="0" timestamp="24 Apr 2020 14:59:09 GMT" skipped="0">
  <testcase classname="com.w2a.testCases.LoginTest" name="loginAsBankManager" time="0.203"/>
</testsuite> <!-- com.w2a.testCases.LoginTest -->
