<?xml version="1.0" encoding="UTF-8"?>
<!-- Generated by org.testng.reporters.JUnitReportReporter -->
<testsuite hostname="WKWIN5950833" failures="0" tests="1" name="runner.TestNgRunner" time="47.236" errors="0" timestamp="15 May 2020 11:12:52 GMT" skipped="0">
  <testcase classname="runner.TestNgRunner" name="feature" time="47.236"/>
</testsuite> <!-- runner.TestNgRunner -->
