<?xml version="1.0" encoding="UTF-8"?>
<!-- Generated by org.testng.reporters.JUnitReportReporter -->
<testsuite hostname="WKWIN5950833" failures="0" tests="2" name="exapmples.Test1" time="0.016" errors="0" timestamp="2020-01-23T13:49:39 IST" skipped="0">
  <testcase classname="exapmples.Test1" name="method3" time="0.002"/>
  <testcase classname="exapmples.Test1" name="method1" time="0.014"/>
</testsuite> <!-- exapmples.Test1 -->
