<?xml version="1.0" encoding="UTF-8"?>
<!-- Generated by org.testng.reporters.JUnitReportReporter -->
<testsuite hostname="WKWIN5950833" failures="0" tests="1" name="com.qa.com.practise.qa.ParameterTest" time="7.823" errors="0" timestamp="2020-04-06T14:58:24 IST" skipped="0">
  <testcase classname="com.qa.com.practise.qa.ParameterTest" name="loginSiteTest" time="7.823"/>
</testsuite> <!-- com.qa.com.practise.qa.ParameterTest -->
