<?xml version="1.0" encoding="UTF-8"?>
<!-- Generated by org.testng.reporters.JUnitReportReporter -->
<testsuite skipped="0" hostname="WKWIN5950833" name="exapmples.BasicTest" tests="2" failures="0" timestamp="03 Jan 2019 07:27:22 GMT" time="0.013" errors="0">
  <testcase name="getData" time="0.003" classname="exapmples.BasicTest"/>
  <testcase name="getData" time="0.010" classname="exapmples.BasicTest"/>
</testsuite> <!-- exapmples.BasicTest -->
