<?xml version="1.0" encoding="UTF-8"?>
<!-- Generated by org.testng.reporters.JUnitReportReporter -->
<testsuite hostname="WKWIN5950833" failures="0" tests="4" name="com.qa.hotel.test.LoginPageTest" time="35.570" errors="0" timestamp="2020-04-03T19:54:27 IST" skipped="0">
  <testcase classname="com.qa.hotel.test.LoginPageTest" name="dateValidation" time="7.063"/>
  <testcase classname="com.qa.hotel.test.LoginPageTest" name="loginPageTitleTest" time="6.998"/>
  <testcase classname="com.qa.hotel.test.LoginPageTest" name="logoImageTest" time="7.964"/>
  <testcase classname="com.qa.hotel.test.LoginPageTest" name="loginTest" time="13.545"/>
</testsuite> <!-- com.qa.hotel.test.LoginPageTest -->
