<?xml version="1.0" encoding="UTF-8"?>
<!-- Generated by org.testng.reporters.JUnitReportReporter -->
<testsuite skipped="0" hostname="WKWIN5950833" name="exapmples.TestEx" tests="4" failures="0" timestamp="03 Jan 2019 07:27:22 GMT" time="0.009" errors="0">
  <testcase name="G2Method1" time="0.001" classname="exapmples.TestEx"/>
  <testcase name="G2Method2" time="0.003" classname="exapmples.TestEx"/>
  <testcase name="G3Method1" time="0.003" classname="exapmples.TestEx"/>
  <testcase name="G3Method2" time="0.002" classname="exapmples.TestEx"/>
</testsuite> <!-- exapmples.TestEx -->
