<?xml version="1.0" encoding="UTF-8"?>
<!-- Generated by org.testng.reporters.JUnitReportReporter -->
<testsuite hostname="WKWIN5950833" failures="0" tests="5" name="exapmples.SubTestNg" time="0.027" errors="0" timestamp="2020-01-23T13:44:10 IST" skipped="0">
  <testcase classname="exapmples.SubTestNg" name="PrintMethod" time="0.002"/>
  <testcase classname="exapmples.SubTestNg" name="$Method" time="0.003"/>
  <testcase classname="exapmples.SubTestNg" name="_Method" time="0.001"/>
  <testcase classname="exapmples.SubTestNg" name="subMethod" time="0.019"/>
  <testcase classname="exapmples.SubTestNg" name="printMethod" time="0.002"/>
</testsuite> <!-- exapmples.SubTestNg -->
