<?xml version="1.0" encoding="UTF-8"?>
<!-- Generated by org.testng.reporters.JUnitReportReporter -->
<testsuite hostname="WKWIN5950833" failures="0" tests="1" name="com.qa.hotel.test.SignOnTest" time="14.654" errors="0" timestamp="2020-04-03T19:04:53 IST" skipped="0">
  <testcase classname="com.qa.hotel.test.SignOnTest" name="loginOnHomePage" time="14.654"/>
</testsuite> <!-- com.qa.hotel.test.SignOnTest -->
