<?xml version="1.0" encoding="UTF-8"?>
<!-- Generated by org.testng.reporters.JUnitReportReporter -->
<testsuite hostname="WKWIN5950833" failures="0" tests="4" name="exapmples.SuperTestNg" time="0.017" errors="0" timestamp="2020-01-23T13:46:39 IST" skipped="0">
  <testcase classname="exapmples.SuperTestNg" name="$Method" time="0.011"/>
  <testcase classname="exapmples.SuperTestNg" name="printMethod" time="0.002"/>
  <testcase classname="exapmples.SuperTestNg" name="_Method" time="0.003"/>
  <testcase classname="exapmples.SuperTestNg" name="PrintMethod" time="0.001"/>
</testsuite> <!-- exapmples.SuperTestNg -->
