<?xml version="1.0" encoding="UTF-8"?>
<!-- Generated by org.testng.reporters.JUnitReportReporter -->
<testsuite hostname="WKWIN5950833" failures="0" tests="2" name="com.w2a.testCases.AddCustomerTest" time="6.874" errors="0" timestamp="25 Apr 2020 12:52:39 GMT" skipped="0">
  <testcase classname="com.w2a.testCases.AddCustomerTest" name="addCustomer" time="3.493"/>
  <testcase classname="com.w2a.testCases.AddCustomerTest" name="addCustomer" time="3.381"/>
</testsuite> <!-- com.w2a.testCases.AddCustomerTest -->
